<?xml version="1.0" encoding="UTF-8"?>
<!-- Generated by org.testng.reporters.JUnitXMLReporter -->
<testsuite hostname="hp" ignored="4" name="PracticeTest" tests="2" failures="0" timestamp="24 Jan 2018 17:36:25 GMT" time="0.061" errors="0">
  <testcase name="test1" time="0.018" classname="demopackage.demoTestNG"/>
  <testcase name="test7" time="0.004" classname="demopackage.demoTestNG1"/>
  <testcase name="test2" time="0.0" classname="demopackage.demoTestNG">
    <ignored/>
  </testcase> <!-- test2 -->
  <testcase name="test5" time="0.0" classname="demopackage.demoTestNG1">
    <ignored/>
  </testcase> <!-- test5 -->
  <testcase name="test6" time="0.0" classname="demopackage.demoTestNG1">
    <ignored/>
  </testcase> <!-- test6 -->
  <testcase name="test3" time="0.0" classname="demopackage.demoTestNG">
    <ignored/>
  </testcase> <!-- test3 -->
</testsuite> <!-- PracticeTest -->
